[templates.thememodern.com/amwal/index.html]
[backblue.gif]
[fade.gif]
[index.html]
[templates.thememodern.com/amwal/images/favicon.png]
[templates.thememodern.com/amwal/switcher/colors/index.html]
[templates.thememodern.com/amwal/index_2.html]
[templates.thememodern.com/amwal/index_3.html]
[templates.thememodern.com/amwal/index_4.html]
[templates.thememodern.com/amwal/index_5.html]
[templates.thememodern.com/amwal/index_6.html]
[templates.thememodern.com/amwal/index_7.html]
[templates.thememodern.com/amwal/index_8.html]
[templates.thememodern.com/amwal/index_9.html]
[templates.thememodern.com/amwal/index_10.html]
[templates.thememodern.com/amwal/index_11.html]
[templates.thememodern.com/amwal/index_12.html]
[templates.thememodern.com/amwal/company_history.html]
[templates.thememodern.com/amwal/company_history_2.html]
[templates.thememodern.com/amwal/about.html]
[templates.thememodern.com/amwal/about_2.html]
[templates.thememodern.com/amwal/about_3.html]
[templates.thememodern.com/amwal/about_4.html]
[templates.thememodern.com/amwal/services.html]
[templates.thememodern.com/amwal/single_services.html]
[templates.thememodern.com/amwal/single_services_3.html]
[templates.thememodern.com/amwal/cases.html]
[templates.thememodern.com/amwal/single_services_2.html]
[templates.thememodern.com/amwal/single_case.html]
[templates.thememodern.com/amwal/news.html]
[templates.thememodern.com/amwal/news-2.html]
[templates.thememodern.com/amwal/single_new.html]
[templates.thememodern.com/amwal/team.html]
[templates.thememodern.com/amwal/team_2.html]
[templates.thememodern.com/amwal/single_team.html]
[templates.thememodern.com/amwal/testimonials.html]
[templates.thememodern.com/amwal/testimonials_2.html]
[templates.thememodern.com/amwal/career.html]
[templates.thememodern.com/amwal/career_single.html]
[templates.thememodern.com/amwal/partners.html]
[templates.thememodern.com/amwal/partners_2.html]
[templates.thememodern.com/amwal/branches.html]
[templates.thememodern.com/amwal/ceo_message.html]
[templates.thememodern.com/amwal/faq.html]
[templates.thememodern.com/amwal/pricing.html]
[templates.thememodern.com/amwal/my_account.html]
[templates.thememodern.com/amwal/404.html]
[templates.thememodern.com/amwal/comingsoon.html]
[templates.thememodern.com/amwal/shop.html]
[templates.thememodern.com/amwal/shop_2.html]
[templates.thememodern.com/amwal/single-shop.html]
[templates.thememodern.com/amwal/checkout.html]
[templates.thememodern.com/amwal/cart.html]
[templates.thememodern.com/amwal/contact.html]
[templates.thememodern.com/amwal/images/Logo-on-dark.png]
[templates.thememodern.com/amwal/images/Slider/home1/1.jpg]
[templates.thememodern.com/amwal/images/Slider/home1/2.jpg]
[templates.thememodern.com/amwal/images/Slider/home1/3.jpg]
[templates.thememodern.com/amwal/images/Content/about-1.png]
[templates.thememodern.com/amwal/images/Partner/1.jpg]
[templates.thememodern.com/amwal/images/Partner/2.jpg]
[templates.thememodern.com/amwal/images/Partner/3.jpg]
[templates.thememodern.com/amwal/images/Partner/4.jpg]
[templates.thememodern.com/amwal/images/Partner/5.jpg]
[templates.thememodern.com/amwal/images/Partner/6.jpg]
[templates.thememodern.com/amwal/images/Partner/7.jpg]
[templates.thememodern.com/amwal/images/Partner/8.jpg]
[templates.thememodern.com/amwal/images/Project/1.jpg]
[templates.thememodern.com/amwal/images/Project/2.jpg]
[templates.thememodern.com/amwal/images/Project/3.jpg]
[templates.thememodern.com/amwal/images/Project/4.jpg]
[templates.thememodern.com/amwal/images/Testimonial/1.jpg]
[templates.thememodern.com/amwal/images/Testimonial/2.jpg]
[templates.thememodern.com/amwal/images/Testimonial/3.jpg]
[templates.thememodern.com/amwal/images/Testimonial/4.jpg]
[templates.thememodern.com/amwal/images/Content/cb-h1.png]
[templates.thememodern.com/amwal/images/Footer/footer-map.png]
[templates.thememodern.com/amwal/js/vendor/jquery.min.js]
[templates.thememodern.com/amwal/js/vendor/bootstrap.js]
[templates.thememodern.com/amwal/js/plugins/jquery.waypoints.min.js]
[templates.thememodern.com/amwal/js/plugins/jquery.mmenu.all.min.js]
[templates.thememodern.com/amwal/js/plugins/mobilemenu.js]
[templates.thememodern.com/amwal/revolution/js/jquery.themepunch.tools.min.js]
[templates.thememodern.com/amwal/revolution/js/jquery.themepunch.revolution.min.js]
[templates.thememodern.com/amwal/revolution/js/extensions/revolution.extension.actions.min.js]
[templates.thememodern.com/amwal/revolution/js/extensions/revolution.extension.carousel.min.js]
[templates.thememodern.com/amwal/revolution/js/extensions/revolution.extension.kenburn.min.js]
[templates.thememodern.com/amwal/revolution/js/extensions/revolution.extension.layeranimation.min.js]
[templates.thememodern.com/amwal/revolution/js/extensions/revolution.extension.migration.min.js]
[templates.thememodern.com/amwal/revolution/js/extensions/revolution.extension.navigation.min.js]
[templates.thememodern.com/amwal/revolution/js/extensions/revolution.extension.parallax.min.js]
[templates.thememodern.com/amwal/revolution/js/extensions/revolution.extension.slideanims.min.js]
[templates.thememodern.com/amwal/revolution/js/extensions/revolution.extension.video.min.js]
[templates.thememodern.com/amwal/js/plugins/slider-home-1.js]
[templates.thememodern.com/amwal/js/plugins/owl.carousel.js]
[templates.thememodern.com/amwal/js/plugins/owl.js]
[templates.thememodern.com/amwal/js/plugins/royal_preloader.js]
[templates.thememodern.com/amwal/js/plugins/jquery.parallax-1.1.3.js]
[templates.thememodern.com/amwal/js/plugins/fancySelect.js]
[templates.thememodern.com/amwal/js/plugins/lang-select.js]
[templates.thememodern.com/amwal/js/plugins/cb-select.js]
[templates.thememodern.com/amwal/js/plugins/jquery.counterup.min.js]
[templates.thememodern.com/amwal/js/plugins/counterup.js]
[templates.thememodern.com/amwal/js/plugins/template.js]
[templates.thememodern.com/amwal/switcher/demo.js]
[templates.thememodern.com/amwal/index.html]
[templates.thememodern.com/amwal/fonts/glyphicons-halflings-regular.eot]
[templates.thememodern.com/amwal/fonts/glyphicons-halflings-regulard41d.eot]
[templates.thememodern.com/amwal/fonts/glyphicons-halflings-regular.woff2]
[templates.thememodern.com/amwal/fonts/glyphicons-halflings-regular.woff]
[templates.thememodern.com/amwal/fonts/glyphicons-halflings-regular.ttf]
[templates.thememodern.com/amwal/fonts/glyphicons-halflings-regular.svg]
[templates.thememodern.com/amwal/css/bootstrap.css]
[templates.thememodern.com/amwal/fonts/font-awesome/fonts/fontawesome-webfont5b62.eot]
[templates.thememodern.com/amwal/fonts/font-awesome/fonts/fontawesome-webfontd41d.eot]
[templates.thememodern.com/amwal/fonts/font-awesome/fonts/fontawesome-webfont5b62.woff2]
[templates.thememodern.com/amwal/fonts/font-awesome/fonts/fontawesome-webfont5b62.woff]
[templates.thememodern.com/amwal/fonts/font-awesome/fonts/fontawesome-webfont5b62.ttf]
[templates.thememodern.com/amwal/fonts/font-awesome/css/font-awesome.min.css]
[templates.thememodern.com/amwal/fonts/IcoMoon/IcoMoon-Free.ttf]
[templates.thememodern.com/amwal/fonts/IcoMoon/icomoon.css]
[templates.thememodern.com/amwal/fonts/linearicon/fonts/Linearicons-Free54e9.eot]
[templates.thememodern.com/amwal/fonts/linearicon/fonts/Linearicons-Freed41d.eot]
[templates.thememodern.com/amwal/fonts/linearicon/fonts/Linearicons-Free54e9.woff2]
[templates.thememodern.com/amwal/fonts/linearicon/fonts/Linearicons-Free54e9.woff]
[templates.thememodern.com/amwal/fonts/linearicon/fonts/Linearicons-Free54e9.ttf]
[templates.thememodern.com/amwal/fonts/linearicon/style.css]
[templates.thememodern.com/amwal/css/jquery.mmenu.all.css]
[templates.thememodern.com/amwal/css/grabbing.png]
[templates.thememodern.com/amwal/css/owl.carousel.css]
[templates.thememodern.com/amwal/css/fancySelect.css]
[templates.thememodern.com/amwal/revolution/fonts/revicons/revicons90c6.eot]
[templates.thememodern.com/amwal/revolution/fonts/revicons/revicons90c6.woff]
[templates.thememodern.com/amwal/revolution/fonts/revicons/revicons90c6.ttf]
[templates.thememodern.com/amwal/revolution/assets/gridtile.png]
[templates.thememodern.com/amwal/revolution/assets/gridtile_white.png]
[templates.thememodern.com/amwal/revolution/assets/gridtile_3x3.png]
[templates.thememodern.com/amwal/revolution/assets/gridtile_3x3_white.png]
[templates.thememodern.com/amwal/revolution/assets/coloredbg.png]
[templates.thememodern.com/amwal/revolution/assets/loader.gif]
[templates.thememodern.com/amwal/revolution/css/settings.css]
[templates.thememodern.com/amwal/revolution/css/layers.css]
[templates.thememodern.com/amwal/revolution/css/navigation.css]
[templates.thememodern.com/amwal/images/icon/down.png]
[templates.thememodern.com/amwal/images/Flags/usa.png]
[templates.thememodern.com/amwal/images/Flags/Italy.png]
[templates.thememodern.com/amwal/images/Flags/fr.png]
[templates.thememodern.com/amwal/images/Flags/gm.png]
[templates.thememodern.com/images/loader.gif]
[templates.thememodern.com/amwal/images/bg-content/about-1.png]
[templates.thememodern.com/amwal/images/bg-content/ct-h1.jpg]
[templates.thememodern.com/amwal/images/bg-content/cb-h1.png]
[templates.thememodern.com/amwal/images/bg-content/bg-subcri.jpg]
[templates.thememodern.com/amwal/images/bg-content/bg-project-h1.jpg]
[templates.thememodern.com/amwal/images/bg-content/bg-quote-h2.jpg]
[templates.thememodern.com/amwal/images/bg-content/bg-pricing-h2.jpg]
[templates.thememodern.com/amwal/images/bg-content/iconbox-h3.jpg]
[templates.thememodern.com/amwal/images/bg-content/bg-quote-h3.jpg]
[templates.thememodern.com/amwal/images/bg-content/cb-h3.jpg]
[templates.thememodern.com/amwal/images/bg-content/bg-strategy-h4.png]
[templates.thememodern.com/amwal/images/bg-content/bg-location-h4.jpg]
[templates.thememodern.com/amwal/images/bg-content/cb-h5.jpg]
[templates.thememodern.com/amwal/images/bg-content/services-h4.jpg]
[templates.thememodern.com/amwal/images/bg-content/ct-h6.jpg]
[templates.thememodern.com/amwal/images/bg-content/tw-h6.jpg]
[templates.thememodern.com/amwal/images/bg-content/cb-h6.jpg]
[templates.thememodern.com/amwal/images/bg-content/tw-h7.jpg]
[templates.thememodern.com/amwal/images/bg-content/bg-about-h7.jpg]
[templates.thememodern.com/amwal/images/bg-content/bg-team-h7.jpg]
[templates.thememodern.com/amwal/images/bg-content/bg-services-h8.jpg]
[templates.thememodern.com/amwal/images/bg-content/bg-fdv-h8.jpg]
[templates.thememodern.com/amwal/images/bg-content/bg-cases-h9.png]
[templates.thememodern.com/amwal/images/bg-content/bg-fdv-h9.jpg]
[templates.thememodern.com/amwal/images/bg-content/bg-news-h9.jpg]
[templates.thememodern.com/amwal/images/bg-content/bg-location-h9.jpg]
[templates.thememodern.com/amwal/images/bg-content/cb-h7.jpg]
[templates.thememodern.com/amwal/images/bg-content/fq-h12.jpg]
[templates.thememodern.com/amwal/images/bg-content/sh-about.jpg]
[templates.thememodern.com/amwal/images/bg-content/sh-contact.jpg]
[templates.thememodern.com/amwal/images/bg-content/sh-team.jpg]
[templates.thememodern.com/amwal/images/bg-content/sh-news.jpg]
[templates.thememodern.com/amwal/images/bg-content/sh-single-services.jpg]
[templates.thememodern.com/amwal/images/bg-content/sh-career.jpg]
[templates.thememodern.com/amwal/images/bg-content/404.jpg]
[templates.thememodern.com/amwal/images/bg-content/follow.png]
[templates.thememodern.com/amwal/images/bg-content/sh-pricing.jpg]
[templates.thememodern.com/amwal/images/bg-content/bg-acc.jpg]
[templates.thememodern.com/amwal/images/Footer/bg-footer-img.jpg]
[templates.thememodern.com/amwal/images/Footer/cr-h1.jpg]
[templates.thememodern.com/amwal/images/bg-content/bg-about-h10.jpg]
[templates.thememodern.com/amwal/style.css]
[templates.thememodern.com/amwal/switcher/images/set1.png]
[templates.thememodern.com/amwal/switcher/images/set2.png]
[templates.thememodern.com/amwal/switcher/images/set3.png]
[templates.thememodern.com/amwal/switcher/images/set4.png]
[templates.thememodern.com/amwal/switcher/images/set5.png]
[templates.thememodern.com/amwal/switcher/images/set6.png]
[templates.thememodern.com/amwal/switcher/images/set7.png]
[templates.thememodern.com/amwal/switcher/images/set8.png]
[templates.thememodern.com/amwal/switcher/images/set9.png]
[templates.thememodern.com/amwal/switcher/demo.css]
[templates.thememodern.com/amwal/switcher/colors/index.html]
[templates.thememodern.com/amwal/images/Logo-on-light.png]
[templates.thememodern.com/amwal/images/Slider/home2/1.jpg]
[templates.thememodern.com/amwal/images/Slider/home2/person1.png]
[templates.thememodern.com/amwal/images/Slider/home2/2.jpg]
[templates.thememodern.com/amwal/images/Slider/home2/person2.png]
[templates.thememodern.com/amwal/images/Slider/home2/3.jpg]
[templates.thememodern.com/amwal/images/Slider/home2/person3.png]
[templates.thememodern.com/amwal/images/Content/demo-style-1.jpg]
[templates.thememodern.com/amwal/images/bg-content/cb-h2.jpg]
[templates.thememodern.com/amwal/images/Footer/linknews-1.jpg]
[templates.thememodern.com/amwal/images/Footer/linknews-2.jpg]
[templates.thememodern.com/amwal/js/plugins/slider-home-2.js]
[templates.thememodern.com/amwal/index_2.html]
[templates.thememodern.com/amwal/images/Slider/home3/1.jpg]
[templates.thememodern.com/amwal/images/Slider/home3/people1.png]
[templates.thememodern.com/amwal/images/Slider/home3/2.jpg]
[templates.thememodern.com/amwal/images/Slider/home3/people2.png]
[templates.thememodern.com/amwal/images/Slider/home3/3.jpg]
[templates.thememodern.com/amwal/images/Slider/home3/people3.png]
[templates.thememodern.com/amwal/images/Content/bg-core-value-h3.png]
[templates.thememodern.com/amwal/images/bg-content/ct-h3.jpg]
[templates.thememodern.com/amwal/images/bg-content/ct-h3-2.jpg]
[templates.thememodern.com/amwal/images/News/1.jpg]
[templates.thememodern.com/amwal/images/News/2.jpg]
[templates.thememodern.com/amwal/images/News/3.jpg]
[templates.thememodern.com/amwal/images/News/4.jpg]
[templates.thememodern.com/amwal/images/News/5.jpg]
[templates.thememodern.com/amwal/images/News/6.jpg]
[templates.thememodern.com/amwal/images/News/7.jpg]
[templates.thememodern.com/amwal/images/News/8.jpg]
[templates.thememodern.com/amwal/images/News/9.jpg]
[templates.thememodern.com/amwal/js/plugins/slider-home-3.js]
[templates.thememodern.com/amwal/js/plugins/jquery.magnific-popup.min.js]
[templates.thememodern.com/amwal/js/plugins/lightbox.js]
[templates.thememodern.com/amwal/js/plugins/twitterFetcher.js]
[templates.thememodern.com/amwal/js/plugins/tweets-footer.js]
[templates.thememodern.com/amwal/index_3.html]
[templates.thememodern.com/amwal/images/logo-on-sub-color.png]
[templates.thememodern.com/amwal/images/Slider/home4/1.jpg]
[templates.thememodern.com/amwal/images/Slider/home4/person1.png]
[templates.thememodern.com/amwal/images/Slider/home4/2.jpg]
[templates.thememodern.com/amwal/images/Slider/home4/person2.png]
[templates.thememodern.com/amwal/images/Slider/home4/3.jpg]
[templates.thememodern.com/amwal/images/Slider/home4/person3.png]
[templates.thememodern.com/amwal/images/bg-content/whyus-h4.jpg]
[templates.thememodern.com/amwal/images/Team/1.jpg]
[templates.thememodern.com/amwal/images/Team/2.jpg]
[templates.thememodern.com/amwal/images/Team/3.jpg]
[templates.thememodern.com/amwal/images/Team/4.jpg]
[templates.thememodern.com/amwal/images/Team/9.jpg]
[templates.thememodern.com/amwal/images/Team/5.jpg]
[templates.thememodern.com/amwal/images/Team/6.jpg]
[templates.thememodern.com/amwal/images/Team/7.jpg]
[templates.thememodern.com/amwal/images/Team/8.jpg]
[templates.thememodern.com/amwal/js/plugins/slider-home-4.js]
[templates.thememodern.com/amwal/index_4.html]
[templates.thememodern.com/amwal/images/Slider/home5/1.jpg]
[templates.thememodern.com/amwal/images/Services/1.jpg]
[templates.thememodern.com/amwal/images/Services/2.jpg]
[templates.thememodern.com/amwal/images/Services/3.jpg]
[templates.thememodern.com/amwal/images/Services/4.jpg]
[templates.thememodern.com/amwal/images/Services/6.jpg]
[templates.thememodern.com/amwal/images/Services/5.jpg]
[templates.thememodern.com/amwal/images/Cases/1.jpg]
[templates.thememodern.com/amwal/images/Cases/2.jpg]
[templates.thememodern.com/amwal/images/Cases/3.jpg]
[templates.thememodern.com/amwal/images/Cases/4.jpg]
[templates.thememodern.com/amwal/images/Cases/5.jpg]
[templates.thememodern.com/amwal/images/Cases/6.jpg]
[templates.thememodern.com/amwal/images/Cases/7.jpg]
[templates.thememodern.com/amwal/images/Cases/8.jpg]
[templates.thememodern.com/amwal/images/Content/cb-h5.png]
[templates.thememodern.com/amwal/js/plugins/isotope.pkgd.min.js]
[templates.thememodern.com/amwal/js/plugins/custom-isotope.js]
[templates.thememodern.com/amwal/index_5.html]
[templates.thememodern.com/amwal/images/Slider/home6/1.jpg]
[templates.thememodern.com/amwal/images/About/1.jpg]
[templates.thememodern.com/amwal/images/About/2.jpg]
[templates.thememodern.com/amwal/images/About/3.jpg]
[templates.thememodern.com/amwal/index_6.html]
[templates.thememodern.com/amwal/images/Slider/home7/1.jpg]
[templates.thememodern.com/amwal/images/Slider/home7/2.jpg]
[templates.thememodern.com/amwal/images/Slider/home7/3.jpg]
[templates.thememodern.com/amwal/images/Content/offer-h7-1.jpg]
[templates.thememodern.com/amwal/images/Content/offer-h7-2.jpg]
[templates.thememodern.com/amwal/images/Content/offer-h7-3.jpg]
[templates.thememodern.com/amwal/images/Content/offer-h7-4.jpg]
[templates.thememodern.com/amwal/images/About/4.jpg]
[templates.thememodern.com/amwal/images/About/5.jpg]
[templates.thememodern.com/amwal/images/About/Play.png]
[templates.thememodern.com/amwal/images/About/6.jpg]
[templates.thememodern.com/amwal/images/bg-content/cb-h7-2.jpg]
[templates.thememodern.com/amwal/images/Footer/wd-case-1.jpg]
[templates.thememodern.com/amwal/images/Footer/wd-case-2.jpg]
[templates.thememodern.com/amwal/images/Footer/wd-case-3.jpg]
[templates.thememodern.com/amwal/images/Footer/wd-case-4.jpg]
[templates.thememodern.com/amwal/images/Footer/wd-case-5.jpg]
[templates.thememodern.com/amwal/images/Footer/wd-case-6.jpg]
[templates.thememodern.com/amwal/images/Footer/wd-case-7.jpg]
[templates.thememodern.com/amwal/images/Footer/wd-case-8.jpg]
[templates.thememodern.com/amwal/js/plugins/slider-home-7.js]
[templates.thememodern.com/amwal/index_7.html]
[templates.thememodern.com/amwal/images/Slider/home8/1.jpg]
[templates.thememodern.com/amwal/images/bg-content/bg-about-h8.jpg]
[templates.thememodern.com/amwal/images/Partner/9.png]
[templates.thememodern.com/amwal/images/Partner/10.png]
[templates.thememodern.com/amwal/images/Partner/11.png]
[templates.thememodern.com/amwal/images/Partner/12.png]
[templates.thememodern.com/amwal/js/plugins/slider-home-8.js]
[maps.googleapis.com/maps/api/js555e]
[templates.thememodern.com/amwal/js/plugins/contact2.js]
[templates.thememodern.com/amwal/index_8.html]
[templates.thememodern.com/amwal/images/Slider/home9/1.jpg]
[templates.thememodern.com/amwal/images/Slider/home9/2.jpg]
[templates.thememodern.com/amwal/images/Slider/home9/3.jpg]
[templates.thememodern.com/amwal/images/Content/fdv-h9.jpg]
[templates.thememodern.com/amwal/js/plugins/slider-home-9.js]
[templates.thememodern.com/amwal/js/plugins/bootstrap-progressbar.min.js]
[templates.thememodern.com/amwal/js/plugins/custom-progressbar.js]
[templates.thememodern.com/amwal/index_9.html]
[templates.thememodern.com/amwal/images/Slider/home10/1.jpg]
[templates.thememodern.com/amwal/images/Slider/home10/2.jpg]
[templates.thememodern.com/amwal/images/Slider/home10/3.jpg]
[templates.thememodern.com/amwal/images/About/7.jpg]
[templates.thememodern.com/amwal/images/Project/13.jpg]
[templates.thememodern.com/amwal/js/plugins/slider-home-10.js]
[templates.thememodern.com/amwal/index_10.html]
[templates.thememodern.com/amwal/js/plugins/jquery.malihu.PageScroll2id.js]
[templates.thememodern.com/amwal/index_11.html]
[templates.thememodern.com/amwal/index_12.html]
[templates.thememodern.com/amwal/images/Content/hiring.jpg]
[templates.thememodern.com/amwal/company_history.html]
[templates.thememodern.com/amwal/company_history_2.html]
[templates.thememodern.com/amwal/about.html]
[templates.thememodern.com/amwal/about_2.html]
[templates.thememodern.com/amwal/about_3.html]
[templates.thememodern.com/amwal/about_4.html]
[templates.thememodern.com/amwal/images/Services/1p.jpg]
[templates.thememodern.com/amwal/images/Services/2p.jpg]
[templates.thememodern.com/amwal/images/Services/3p.jpg]
[templates.thememodern.com/amwal/images/Services/4p.jpg]
[templates.thememodern.com/amwal/images/Services/5p.jpg]
[templates.thememodern.com/amwal/images/Services/6p.jpg]
[templates.thememodern.com/amwal/services.html]
[templates.thememodern.com/amwal/images/Services/d1.jpg]
[templates.thememodern.com/amwal/js/plugins/Chart.bundle.min.js]
[templates.thememodern.com/amwal/single_services.html]
[templates.thememodern.com/amwal/images/Services/d2.jpg]
[templates.thememodern.com/amwal/single_services_2.html]
[templates.thememodern.com/amwal/images/Services/d3.jpg]
[templates.thememodern.com/amwal/single_services_3.html]
[templates.thememodern.com/amwal/images/Project/5.jpg]
[templates.thememodern.com/amwal/images/Project/6.jpg]
[templates.thememodern.com/amwal/images/Project/7.jpg]
[templates.thememodern.com/amwal/images/Project/8.jpg]
[templates.thememodern.com/amwal/images/Project/9.jpg]
[templates.thememodern.com/amwal/images/Project/10.jpg]
[templates.thememodern.com/amwal/cases.html]
[templates.thememodern.com/amwal/images/Cases/d1.jpg]
[templates.thememodern.com/amwal/images/Comment/1.jpg]
[templates.thememodern.com/amwal/images/Comment/2.jpg]
[templates.thememodern.com/amwal/images/Comment/3.jpg]
[templates.thememodern.com/amwal/single_case.html]
[templates.thememodern.com/amwal/images/News/n1.jpg]
[templates.thememodern.com/amwal/images/News/n6.jpg]
[templates.thememodern.com/amwal/images/News/n3.jpg]
[templates.thememodern.com/amwal/images/News/n4.jpg]
[templates.thememodern.com/amwal/images/News/n2.jpg]
[templates.thememodern.com/amwal/images/News/n5.jpg]
[templates.thememodern.com/amwal/news.html]
[templates.thememodern.com/amwal/news-2.html]
[templates.thememodern.com/amwal/images/News/d1.jpg]
[templates.thememodern.com/amwal/single_new.html]
[templates.thememodern.com/amwal/images/Content/founder.jpg]
[templates.thememodern.com/amwal/images/Content/sig.png]
[templates.thememodern.com/amwal/team.html]
[templates.thememodern.com/amwal/team_single.160.delayed]
[templates.thememodern.com/amwal/team_2.html]
[templates.thememodern.com/amwal/images/Team/d1.jpg]
[templates.thememodern.com/amwal/single_team.html]
[templates.thememodern.com/amwal/images/Testimonial/5.jpg]
[templates.thememodern.com/amwal/images/Testimonial/6.jpg]
[templates.thememodern.com/amwal/images/Testimonial/7.jpg]
[templates.thememodern.com/amwal/testimonials.html]
[templates.thememodern.com/amwal/images/Testimonial/10.jpg]
[templates.thememodern.com/amwal/images/Testimonial/11.jpg]
[templates.thememodern.com/amwal/testimonials_2.html]
[templates.thememodern.com/amwal/images/Content/career1.png]
[templates.thememodern.com/amwal/career.html]
[templates.thememodern.com/amwal/career_single.html]
[templates.thememodern.com/amwal/partners.html]
[templates.thememodern.com/amwal/partners_2.html]
[templates.thememodern.com/amwal/images/Content/branches-map.png]
[templates.thememodern.com/amwal/branches.html]
[templates.thememodern.com/amwal/ceo_message.html]
[templates.thememodern.com/amwal/faq.html]
[templates.thememodern.com/amwal/pricing.html]
[templates.thememodern.com/amwal/my_account.html]
[templates.thememodern.com/amwal/404.html]
[templates.thememodern.com/amwal/js/plugins/countdown-custom.js]
[templates.thememodern.com/amwal/comingsoon.html]
[templates.thememodern.com/amwal/shop-single.html]
[templates.thememodern.com/amwal/images/Shop/1.jpg]
[templates.thememodern.com/amwal/images/Shop/2.jpg]
[templates.thememodern.com/amwal/images/Shop/3.jpg]
[templates.thememodern.com/amwal/images/Shop/4.jpg]
[templates.thememodern.com/amwal/images/Shop/5.jpg]
[templates.thememodern.com/amwal/images/Shop/6.jpg]
[templates.thememodern.com/amwal/images/Shop/7.jpg]
[templates.thememodern.com/amwal/images/Shop/8.jpg]
[templates.thememodern.com/amwal/images/Shop/9.jpg]
[templates.thememodern.com/amwal/images/Shop/10.jpg]
[templates.thememodern.com/amwal/images/Shop/11.jpg]
[templates.thememodern.com/amwal/images/Shop/12.jpg]
[templates.thememodern.com/amwal/shop.html]
[templates.thememodern.com/amwal/images/Shop/s1.jpg]
[templates.thememodern.com/amwal/images/Shop/s2.jpg]
[templates.thememodern.com/amwal/images/Shop/s3.jpg]
[templates.thememodern.com/amwal/shop_2.html]
[templates.thememodern.com/amwal/images/Shop/d1.jpg]
[templates.thememodern.com/amwal/single-shop.html]
[templates.thememodern.com/amwal/checkout.html]
[templates.thememodern.com/amwal/shop_single.html]
[templates.thememodern.com/amwal/images/Shop/thumb1.jpg]
[templates.thememodern.com/amwal/images/Shop/thumb2.jpg]
[templates.thememodern.com/amwal/images/Shop/thumb3.jpg]
[templates.thememodern.com/amwal/images/Shop/thumb4.jpg]
[templates.thememodern.com/amwal/images/Shop/thumb5.jpg]
[templates.thememodern.com/amwal/images/Shop/thumb6.jpg]
[templates.thememodern.com/amwal/cart.html]
[templates.thememodern.com/amwal/js/plugins/contact.js]
[templates.thememodern.com/amwal/contact.html]
[templates.thememodern.com/amwal/fonts/glyphicons-halflings-regular.html]
[templates.thememodern.com/amwal/fonts/glyphicons-halflings-regulard41d.html]
[templates.thememodern.com/amwal/fonts/glyphicons-halflings-regular-2.html]
[templates.thememodern.com/amwal/fonts/glyphicons-halflings-regular-3.html]
[templates.thememodern.com/amwal/fonts/glyphicons-halflings-regular-4.html]
[templates.thememodern.com/amwal/fonts/glyphicons-halflings-regular-5.html]
[templates.thememodern.com/amwal/fonts/font-awesome/fonts/fontawesome-webfont5b62.svg]
[templates.thememodern.com/amwal/fonts/linearicon/fonts/Linearicons-Free54e9.svg]
[templates.thememodern.com/amwal/revolution/fonts/revicons/revicons90c6.svg]
[templates.thememodern.com/amwal/revolution/css/openhand.html]
[templates.thememodern.com/amwal/revolution/css/closedhand.html]
[templates.thememodern.com/images/loader.html]
[templates.thememodern.com/amwal/css/magnific-popup.css]
[templates.thememodern.com/amwal/images/Content/cb-h5.png]
[templates.thememodern.com/amwal/images/bg-content/cb-h5.jpg]
[templates.thememodern.com/amwal/images/About/2.jpg]
[templates.thememodern.com/amwal/css/bootstrap-progressbar-3.3.4.min.css]
[templates.thememodern.com/amwal/team_single.html]
[templates.thememodern.com/amwal/shop-single.html]
[templates.thememodern.com/amwal/shop_single.html]
